# JRE version: Java(TM) SE Runtime Environment (18.0.1.1+2) (build 18.0.1.1+2-6)
# Java VM: Java HotSpot(TM) 64-Bit Server VM (18.0.1.1+2-6, mixed mode, sharing, tiered, compressed oops, compressed class ptrs, g1 gc, windows-amd64)
GC Precious Log:
 CardTable entry size: 512
 Card Set container configuration: InlinePtr #cards 5 size 8 Array Of Cards #cards 12 size 40 Howl #buckets 4 coarsen threshold 1843 Howl Bitmap #cards 512 size 80 coarsen threshold 460 Card regions per heap region 1 cards per card region 2048
 CPUs: 8 total, 8 available
 Memory: 7941M
 Large Page Support: Disabled
 NUMA Support: Disabled
 Compressed Oops: Enabled (32-bit)
 Heap Region Size: 1M
 Heap Min Capacity: 8M
 Heap Initial Capacity: 126M
 Heap Max Capacity: 1986M
 Pre-touch: Disabled
 Parallel Workers: 8
 Concurrent Workers: 2
 Concurrent Refinement Workers: 8
 Periodic GC: Disabled
Heap:
 garbage-first heap   total 55296K, used 34592K [0x0000000083e00000, 0x0000000100000000)
  region size 1024K, 7 young (7168K), 1 survivors (1024K)
 Metaspace       used 54153K, committed 54912K, reserved 1114112K
  class space    used 6711K, committed 7104K, reserved 1048576K
GC Heap History (20 events):
Event: 7.445 GC heap before
{Heap before GC invocations=22 (full 0):
 garbage-first heap   total 45056K, used 35837K [0x0000000083e00000, 0x0000000100000000)
  region size 1024K, 15 young (15360K), 2 survivors (2048K)
 Metaspace       used 40379K, committed 40960K, reserved 1114112K
  class space    used 5047K, committed 5312K, reserved 1048576K
}
Event: 7.448 GC heap after
{Heap after GC invocations=23 (full 0):
 garbage-first heap   total 45056K, used 23360K [0x0000000083e00000, 0x0000000100000000)
  region size 1024K, 2 young (2048K), 2 survivors (2048K)
 Metaspace       used 40379K, committed 40960K, reserved 1114112K
  class space    used 5047K, committed 5312K, reserved 1048576K
}
Event: 7.604 GC heap before
{Heap before GC invocations=23 (full 0):
 garbage-first heap   total 45056K, used 35648K [0x0000000083e00000, 0x0000000100000000)
  region size 1024K, 15 young (15360K), 2 survivors (2048K)
 Metaspace       used 41718K, committed 42368K, reserved 1114112K
  class space    used 5181K, committed 5504K, reserved 1048576K
}
Event: 7.607 GC heap after
{Heap after GC invocations=24 (full 0):
 garbage-first heap   total 45056K, used 24597K [0x0000000083e00000, 0x0000000100000000)
  region size 1024K, 2 young (2048K), 2 survivors (2048K)
 Metaspace       used 41718K, committed 42368K, reserved 1114112K
  class space    used 5181K, committed 5504K, reserved 1048576K
}
Event: 7.822 GC heap before
{Heap before GC invocations=25 (full 0):
 garbage-first heap   total 46080K, used 34837K [0x0000000083e00000, 0x0000000100000000)
  region size 1024K, 13 young (13312K), 2 survivors (2048K)
 Metaspace       used 43648K, committed 44288K, reserved 1114112K
  class space    used 5400K, committed 5696K, reserved 1048576K
}
Event: 7.825 GC heap after
{Heap after GC invocations=26 (full 0):
 garbage-first heap   total 46080K, used 24859K [0x0000000083e00000, 0x0000000100000000)
  region size 1024K, 1 young (1024K), 1 survivors (1024K)
 Metaspace       used 43648K, committed 44288K, reserved 1114112K
  class space    used 5400K, committed 5696K, reserved 1048576K
}
Event: 8.206 GC heap before
{Heap before GC invocations=26 (full 0):
 garbage-first heap   total 46080K, used 36123K [0x0000000083e00000, 0x0000000100000000)
  region size 1024K, 13 young (13312K), 1 survivors (1024K)
 Metaspace       used 46906K, committed 47552K, reserved 1114112K
  class space    used 5814K, committed 6144K, reserved 1048576K
}
Event: 8.209 GC heap after
{Heap after GC invocations=27 (full 0):
 garbage-first heap   total 55296K, used 25321K [0x0000000083e00000, 0x0000000100000000)
  region size 1024K, 2 young (2048K), 2 survivors (2048K)
 Metaspace       used 46906K, committed 47552K, reserved 1114112K
  class space    used 5814K, committed 6144K, reserved 1048576K
}
Event: 8.545 GC heap before
{Heap before GC invocations=28 (full 0):
 garbage-first heap   total 55296K, used 43753K [0x0000000083e00000, 0x0000000100000000)
  region size 1024K, 20 young (20480K), 2 survivors (2048K)
 Metaspace       used 47833K, committed 48512K, reserved 1114112K
  class space    used 5926K, committed 6272K, reserved 1048576K
}
Event: 8.548 GC heap after
{Heap after GC invocations=29 (full 0):
 garbage-first heap   total 55296K, used 26339K [0x0000000083e00000, 0x0000000100000000)
  region size 1024K, 3 young (3072K), 3 survivors (3072K)
 Metaspace       used 47833K, committed 48512K, reserved 1114112K
  class space    used 5926K, committed 6272K, reserved 1048576K
}
Event: 16.141 GC heap before
{Heap before GC invocations=29 (full 0):
 garbage-first heap   total 55296K, used 42723K [0x0000000083e00000, 0x0000000100000000)
  region size 1024K, 20 young (20480K), 3 survivors (3072K)
 Metaspace       used 49379K, committed 50048K, reserved 1114112K
  class space    used 6105K, committed 6400K, reserved 1048576K
}
Event: 16.145 GC heap after
{Heap after GC invocations=30 (full 0):
 garbage-first heap   total 55296K, used 27027K [0x0000000083e00000, 0x0000000100000000)
  region size 1024K, 3 young (3072K), 3 survivors (3072K)
 Metaspace       used 49379K, committed 50048K, reserved 1114112K
  class space    used 6105K, committed 6400K, reserved 1048576K
}
Event: 17.074 GC heap before
{Heap before GC invocations=30 (full 0):
 garbage-first heap   total 55296K, used 44435K [0x0000000083e00000, 0x0000000100000000)
  region size 1024K, 20 young (20480K), 3 survivors (3072K)
 Metaspace       used 50903K, committed 51584K, reserved 1114112K
  class space    used 6298K, committed 6656K, reserved 1048576K
}
Event: 17.078 GC heap after
{Heap after GC invocations=31 (full 0):
 garbage-first heap   total 55296K, used 28004K [0x0000000083e00000, 0x0000000100000000)
  region size 1024K, 2 young (2048K), 2 survivors (2048K)
 Metaspace       used 50903K, committed 51584K, reserved 1114112K
  class space    used 6298K, committed 6656K, reserved 1048576K
}
Event: 17.618 GC heap before
{Heap before GC invocations=32 (full 0):
 garbage-first heap   total 55296K, used 44388K [0x0000000083e00000, 0x0000000100000000)
  region size 1024K, 18 young (18432K), 2 survivors (2048K)
 Metaspace       used 52562K, committed 53312K, reserved 1114112K
  class space    used 6535K, committed 6912K, reserved 1048576K
}
Event: 17.623 GC heap after
{Heap after GC invocations=33 (full 0):
 garbage-first heap   total 55296K, used 29129K [0x0000000083e00000, 0x0000000100000000)
  region size 1024K, 3 young (3072K), 3 survivors (3072K)
 Metaspace       used 52562K, committed 53312K, reserved 1114112K
  class space    used 6535K, committed 6912K, reserved 1048576K
}
Event: 17.670 GC heap before
{Heap before GC invocations=33 (full 0):
 garbage-first heap   total 55296K, used 30153K [0x0000000083e00000, 0x0000000100000000)
  region size 1024K, 4 young (4096K), 3 survivors (3072K)
 Metaspace       used 52623K, committed 53312K, reserved 1114112K
  class space    used 6546K, committed 6912K, reserved 1048576K
}
Event: 17.675 GC heap after
{Heap after GC invocations=34 (full 0):
 garbage-first heap   total 55296K, used 28857K [0x0000000083e00000, 0x0000000100000000)
  region size 1024K, 1 young (1024K), 1 survivors (1024K)
 Metaspace       used 52623K, committed 53312K, reserved 1114112K
  class space    used 6546K, committed 6912K, reserved 1048576K
}
Event: 50.698 GC heap before
{Heap before GC invocations=34 (full 0):
 garbage-first heap   total 55296K, used 44217K [0x0000000083e00000, 0x0000000100000000)
  region size 1024K, 17 young (17408K), 1 survivors (1024K)
 Metaspace       used 53933K, committed 54656K, reserved 1114112K
  class space    used 6687K, committed 7040K, reserved 1048576K
}
Event: 50.701 GC heap after
{Heap after GC invocations=35 (full 0):
 garbage-first heap   total 55296K, used 29472K [0x0000000083e00000, 0x0000000100000000)
  region size 1024K, 1 young (1024K), 1 survivors (1024K)
 Metaspace       used 53933K, committed 54656K, reserved 1114112K
  class space    used 6687K, committed 7040K, reserved 1048576K
}

